10:06:52: Creating resource group General
10:06:52: Creating resource group Internal
10:06:52: Creating resource group Autodetect
10:06:52: SceneManagerFactory for type 'DefaultSceneManager' registered.
10:06:52: Registering ResourceManager for type Material
10:06:52: Registering ResourceManager for type Mesh
10:06:52: Registering ResourceManager for type Skeleton
10:06:52: MovableObjectFactory for type 'ParticleSystem' registered.
10:06:52: ArchiveFactory for archive type FileSystem registered.
10:06:52: ArchiveFactory for archive type Zip registered.
10:06:52: ArchiveFactory for archive type EmbeddedZip registered.
10:06:52: DDS codec registering
10:06:52: FreeImage version: 3.15.3
10:06:52: This program uses FreeImage, a free, open source image library supporting all common bitmap formats. See http://freeimage.sourceforge.net for details
10:06:52: Supported formats: bmp,ico,jpg,jif,jpeg,jpe,jng,koa,iff,lbm,mng,pbm,pbm,pcd,pcx,pgm,pgm,png,ppm,ppm,ras,tga,targa,tif,tiff,wap,wbmp,wbm,psd,cut,xbm,xpm,gif,hdr,g3,sgi,exr,j2k,j2c,jp2,pfm,pct,pict,pic
10:06:52: ETC codec registering
10:06:52: Registering ResourceManager for type HighLevelGpuProgram
10:06:52: Registering ResourceManager for type Compositor
10:06:52: MovableObjectFactory for type 'Entity' registered.
10:06:52: MovableObjectFactory for type 'Light' registered.
10:06:52: MovableObjectFactory for type 'BillboardSet' registered.
10:06:52: MovableObjectFactory for type 'ManualObject' registered.
10:06:52: MovableObjectFactory for type 'BillboardChain' registered.
10:06:52: MovableObjectFactory for type 'RibbonTrail' registered.
10:06:52: OGRE EXCEPTION(6:FileNotFoundException): 'plugins.cfg' file not found! in ConfigFile::load at D:\Codes\Ogre\Ogre1.9\OgreMain\src\OgreConfigFile.cpp (line 82)
10:06:52: plugins.cfg not found, automatic plugin loading disabled.
10:06:52: *-*-* OGRE Initialising
10:06:52: *-*-* Version 1.9.0 (Ghadamon)
10:06:52: OGRE EXCEPTION(6:FileNotFoundException): 'ogre.cfg' file not found! in ConfigFile::load at D:\Codes\Ogre\Ogre1.9\OgreMain\src\OgreConfigFile.cpp (line 82)
10:06:52: OGRE EXCEPTION(6:FileNotFoundException): 'resources.cfg' file not found! in ConfigFile::load at D:\Codes\Ogre\Ogre1.9\OgreMain\src\OgreConfigFile.cpp (line 82)
10:06:52: resources.cfg not found, automatic resource loading disabled.
10:06:52: Initialze Ogre failed!
10:06:52: *-*-* OGRE Shutdown
10:06:52: Unregistering ResourceManager for type Compositor
10:06:52: Unregistering ResourceManager for type Skeleton
10:06:52: Unregistering ResourceManager for type Mesh
10:06:52: Unregistering ResourceManager for type HighLevelGpuProgram
10:06:52: Unregistering ResourceManager for type Material
